<?xml version="1.0" encoding="UTF-8"?>
<!-- Generated by org.testng.reporters.JUnitReportReporter -->
<testsuite ignored="0" hostname="VDK-W10PMCBQ034" failures="0" tests="2" name="Automation.Jason.ts036_LandingpageFlows" time="4.845" errors="0" timestamp="01 Jul 2022 13:55:42 GMT" skipped="0">
  <testcase classname="Automation.Jason.ts036_LandingpageFlows" name="flows" time="4.840"/>
  <testcase classname="Automation.Jason.ts036_LandingpageFlows" name="check" time="0.005"/>
</testsuite> <!-- Automation.Jason.ts036_LandingpageFlows -->
