<?xml version="1.0" encoding="UTF-8"?>
<!-- Generated by org.testng.reporters.JUnitReportReporter -->
<testsuite ignored="35" hostname="VDK-W10PMCBQ034" failures="0" tests="1" name="Automation.Jason.ts033_TestClientEstateRoamingLocations" time="0.608" errors="0" timestamp="06 Jul 2022 13:30:31 GMT" skipped="0">
  <testcase classname="Automation.Jason.ts033_TestClientEstateRoamingLocations" name="roamingLocations" time="0.608"/>
  <testcase classname="Automation.Jason.init_class" name="launchbrowser">
    <skipped/>
  </testcase> <!-- launchbrowser -->
  <testcase classname="Automation.Jason.init_class" name="launchbrowser">
    <skipped/>
  </testcase> <!-- launchbrowser -->
  <testcase classname="Automation.Jason.init_class" name="launchbrowser">
    <skipped/>
  </testcase> <!-- launchbrowser -->
  <testcase classname="Automation.Jason.init_class" name="launchbrowser">
    <skipped/>
  </testcase> <!-- launchbrowser -->
  <testcase classname="Automation.Jason.init_class" name="launchbrowser">
    <skipped/>
  </testcase> <!-- launchbrowser -->
  <testcase classname="Automation.Jason.init_class" name="launchbrowser">
    <skipped/>
  </testcase> <!-- launchbrowser -->
  <testcase classname="Automation.Jason.init_class" name="launchbrowser">
    <skipped/>
  </testcase> <!-- launchbrowser -->
  <testcase classname="Automation.Jason.init_class" name="launchbrowser">
    <skipped/>
  </testcase> <!-- launchbrowser -->
  <testcase classname="Automation.Jason.init_class" name="launchbrowser">
    <skipped/>
  </testcase> <!-- launchbrowser -->
  <testcase classname="Automation.Jason.init_class" name="launchbrowser">
    <skipped/>
  </testcase> <!-- launchbrowser -->
  <testcase classname="Automation.Jason.init_class" name="launchbrowser">
    <skipped/>
  </testcase> <!-- launchbrowser -->
  <testcase classname="Automation.Jason.init_class" name="launchbrowser">
    <skipped/>
  </testcase> <!-- launchbrowser -->
  <testcase classname="Automation.Jason.init_class" name="launchbrowser">
    <skipped/>
  </testcase> <!-- launchbrowser -->
  <testcase classname="Automation.Jason.init_class" name="launchbrowser">
    <skipped/>
  </testcase> <!-- launchbrowser -->
  <testcase classname="Automation.Jason.init_class" name="launchbrowser">
    <skipped/>
  </testcase> <!-- launchbrowser -->
  <testcase classname="Automation.Jason.init_class" name="launchbrowser">
    <skipped/>
  </testcase> <!-- launchbrowser -->
  <testcase classname="Automation.Jason.init_class" name="launchbrowser">
    <skipped/>
  </testcase> <!-- launchbrowser -->
  <testcase classname="Automation.Jason.init_class" name="launchbrowser">
    <skipped/>
  </testcase> <!-- launchbrowser -->
  <testcase classname="Automation.Jason.init_class" name="launchbrowser">
    <skipped/>
  </testcase> <!-- launchbrowser -->
  <testcase classname="Automation.Jason.init_class" name="launchbrowser">
    <skipped/>
  </testcase> <!-- launchbrowser -->
  <testcase classname="Automation.Jason.init_class" name="launchbrowser">
    <skipped/>
  </testcase> <!-- launchbrowser -->
  <testcase classname="Automation.Jason.init_class" name="launchbrowser">
    <skipped/>
  </testcase> <!-- launchbrowser -->
  <testcase classname="Automation.Jason.init_class" name="launchbrowser">
    <skipped/>
  </testcase> <!-- launchbrowser -->
  <testcase classname="Automation.Jason.init_class" name="launchbrowser">
    <skipped/>
  </testcase> <!-- launchbrowser -->
  <testcase classname="Automation.Jason.init_class" name="launchbrowser">
    <skipped/>
  </testcase> <!-- launchbrowser -->
  <testcase classname="Automation.Jason.init_class" name="launchbrowser">
    <skipped/>
  </testcase> <!-- launchbrowser -->
  <testcase classname="Automation.Jason.init_class" name="launchbrowser">
    <skipped/>
  </testcase> <!-- launchbrowser -->
  <testcase classname="Automation.Jason.init_class" name="launchbrowser">
    <skipped/>
  </testcase> <!-- launchbrowser -->
  <testcase classname="Automation.Jason.init_class" name="launchbrowser">
    <skipped/>
  </testcase> <!-- launchbrowser -->
  <testcase classname="Automation.Jason.init_class" name="launchbrowser">
    <skipped/>
  </testcase> <!-- launchbrowser -->
  <testcase classname="Automation.Jason.init_class" name="launchbrowser">
    <skipped/>
  </testcase> <!-- launchbrowser -->
  <testcase classname="Automation.Jason.init_class" name="launchbrowser">
    <skipped/>
  </testcase> <!-- launchbrowser -->
  <testcase classname="Automation.Jason.init_class" name="launchbrowser">
    <skipped/>
  </testcase> <!-- launchbrowser -->
  <testcase classname="Automation.Jason.init_class" name="launchbrowser">
    <skipped/>
  </testcase> <!-- launchbrowser -->
  <testcase classname="Automation.Jason.init_class" name="launchbrowser">
    <skipped/>
  </testcase> <!-- launchbrowser -->
</testsuite> <!-- Automation.Jason.ts033_TestClientEstateRoamingLocations -->
