<?xml version="1.0" encoding="UTF-8"?>
<!-- Generated by org.testng.reporters.JUnitReportReporter -->
<testsuite ignored="35" hostname="VDK-W10PMCBQ034" failures="0" tests="1" name="Automation.Jason.ts007_GlobaluserServiceEvent" time="5.675" errors="0" timestamp="06 Jul 2022 13:30:30 GMT" skipped="0">
  <testcase classname="Automation.Jason.ts007_GlobaluserServiceEvent" name="serviceEvent" time="5.675"/>
  <testcase classname="Automation.Jason.init_class" name="launchbrowser">
    <skipped/>
  </testcase> <!-- launchbrowser -->
  <testcase classname="Automation.Jason.init_class" name="launchbrowser">
    <skipped/>
  </testcase> <!-- launchbrowser -->
  <testcase classname="Automation.Jason.init_class" name="launchbrowser">
    <skipped/>
  </testcase> <!-- launchbrowser -->
  <testcase classname="Automation.Jason.init_class" name="launchbrowser">
    <skipped/>
  </testcase> <!-- launchbrowser -->
  <testcase classname="Automation.Jason.init_class" name="launchbrowser">
    <skipped/>
  </testcase> <!-- launchbrowser -->
  <testcase classname="Automation.Jason.init_class" name="launchbrowser">
    <skipped/>
  </testcase> <!-- launchbrowser -->
  <testcase classname="Automation.Jason.init_class" name="launchbrowser">
    <skipped/>
  </testcase> <!-- launchbrowser -->
  <testcase classname="Automation.Jason.init_class" name="launchbrowser">
    <skipped/>
  </testcase> <!-- launchbrowser -->
  <testcase classname="Automation.Jason.init_class" name="launchbrowser">
    <skipped/>
  </testcase> <!-- launchbrowser -->
  <testcase classname="Automation.Jason.init_class" name="launchbrowser">
    <skipped/>
  </testcase> <!-- launchbrowser -->
  <testcase classname="Automation.Jason.init_class" name="launchbrowser">
    <skipped/>
  </testcase> <!-- launchbrowser -->
  <testcase classname="Automation.Jason.init_class" name="launchbrowser">
    <skipped/>
  </testcase> <!-- launchbrowser -->
  <testcase classname="Automation.Jason.init_class" name="launchbrowser">
    <skipped/>
  </testcase> <!-- launchbrowser -->
  <testcase classname="Automation.Jason.init_class" name="launchbrowser">
    <skipped/>
  </testcase> <!-- launchbrowser -->
  <testcase classname="Automation.Jason.init_class" name="launchbrowser">
    <skipped/>
  </testcase> <!-- launchbrowser -->
  <testcase classname="Automation.Jason.init_class" name="launchbrowser">
    <skipped/>
  </testcase> <!-- launchbrowser -->
  <testcase classname="Automation.Jason.init_class" name="launchbrowser">
    <skipped/>
  </testcase> <!-- launchbrowser -->
  <testcase classname="Automation.Jason.init_class" name="launchbrowser">
    <skipped/>
  </testcase> <!-- launchbrowser -->
  <testcase classname="Automation.Jason.init_class" name="launchbrowser">
    <skipped/>
  </testcase> <!-- launchbrowser -->
  <testcase classname="Automation.Jason.init_class" name="launchbrowser">
    <skipped/>
  </testcase> <!-- launchbrowser -->
  <testcase classname="Automation.Jason.init_class" name="launchbrowser">
    <skipped/>
  </testcase> <!-- launchbrowser -->
  <testcase classname="Automation.Jason.init_class" name="launchbrowser">
    <skipped/>
  </testcase> <!-- launchbrowser -->
  <testcase classname="Automation.Jason.init_class" name="launchbrowser">
    <skipped/>
  </testcase> <!-- launchbrowser -->
  <testcase classname="Automation.Jason.init_class" name="launchbrowser">
    <skipped/>
  </testcase> <!-- launchbrowser -->
  <testcase classname="Automation.Jason.init_class" name="launchbrowser">
    <skipped/>
  </testcase> <!-- launchbrowser -->
  <testcase classname="Automation.Jason.init_class" name="launchbrowser">
    <skipped/>
  </testcase> <!-- launchbrowser -->
  <testcase classname="Automation.Jason.init_class" name="launchbrowser">
    <skipped/>
  </testcase> <!-- launchbrowser -->
  <testcase classname="Automation.Jason.init_class" name="launchbrowser">
    <skipped/>
  </testcase> <!-- launchbrowser -->
  <testcase classname="Automation.Jason.init_class" name="launchbrowser">
    <skipped/>
  </testcase> <!-- launchbrowser -->
  <testcase classname="Automation.Jason.init_class" name="launchbrowser">
    <skipped/>
  </testcase> <!-- launchbrowser -->
  <testcase classname="Automation.Jason.init_class" name="launchbrowser">
    <skipped/>
  </testcase> <!-- launchbrowser -->
  <testcase classname="Automation.Jason.init_class" name="launchbrowser">
    <skipped/>
  </testcase> <!-- launchbrowser -->
  <testcase classname="Automation.Jason.init_class" name="launchbrowser">
    <skipped/>
  </testcase> <!-- launchbrowser -->
  <testcase classname="Automation.Jason.init_class" name="launchbrowser">
    <skipped/>
  </testcase> <!-- launchbrowser -->
  <testcase classname="Automation.Jason.init_class" name="launchbrowser">
    <skipped/>
  </testcase> <!-- launchbrowser -->
</testsuite> <!-- Automation.Jason.ts007_GlobaluserServiceEvent -->
