<?xml version="1.0" encoding="UTF-8"?>
<!-- Generated by org.testng.reporters.JUnitReportReporter -->
<testsuite ignored="0" hostname="VDK-W10PMCBQ034" failures="0" tests="2" name="Automation.Jason.ts035_ServiceNetworks" time="14.367" errors="0" timestamp="01 Jul 2022 09:58:20 GMT" skipped="0">
  <testcase classname="Automation.Jason.ts035_ServiceNetworks" name="serviceNetworks" time="14.362"/>
  <testcase classname="Automation.Jason.ts035_ServiceNetworks" name="check" time="0.005"/>
</testsuite> <!-- Automation.Jason.ts035_ServiceNetworks -->
