<?xml version="1.0" encoding="UTF-8"?>
<!-- Generated by org.testng.reporters.JUnitReportReporter -->
<testsuite ignored="0" hostname="VDK-W10PMCBQ034" failures="0" tests="2" name="Automation.Jason.ts037_VoucherType" time="9.532" errors="0" timestamp="01 Jul 2022 12:07:05 GMT" skipped="0">
  <testcase classname="Automation.Jason.ts037_VoucherType" name="voucherType" time="9.527"/>
  <testcase classname="Automation.Jason.ts037_VoucherType" name="check" time="0.005"/>
</testsuite> <!-- Automation.Jason.ts037_VoucherType -->
